<?xml version="1.0" encoding="utf-8"?><testsuites name="pytest tests"><testsuite name="pytest" errors="0" failures="0" skipped="0" tests="5" time="0.534" timestamp="2026-04-30T00:43:18.132773+09:00" hostname="ghkdqhrbalsui-MacBookPro.local"><testcase classname="tests.test_app" name="test_health_endpoint" time="0.003" /><testcase classname="tests.test_app" name="test_ask_rate_limit_allows_limit_then_rejects_same_ip" time="0.004" /><testcase classname="tests.test_app" name="test_ask_rate_limit_is_isolated_by_client_ip" time="0.004" /><testcase classname="tests.test_app" name="test_ask_rate_limit_prefers_first_forwarded_for_ip" time="0.003" /><testcase classname="tests.test_app" name="test_ask_rate_limit_expires_old_hits" time="0.001" /></testsuite></testsuites>